2013-05-28 12:01:04.675 PM	****** Start Logging ******
2013-05-28 12:01:13.800 PM	FormAutoGetEmail_Load	----Start ---
2013-05-28 12:05:01.540 PM	FormAutoGetEmail_Load	----Start ---
2013-05-28 12:10:12.037 PM	FormAutoGetEmail_Load	----End ---
2013-05-28 12:14:01.091 PM	FormAutoGetEmail_Load	----Start ---
2013-05-28 12:16:52.977 PM	FormAutoGetEmail_Load	----Start ---
2013-05-28 12:21:46.041 PM	FormAutoGetEmail_Load	----End ---
2013-05-28 12:23:39.092 PM	FormAutoGetEmail_Load	----Start ---
2013-05-28 12:24:22.655 PM	FormAutoGetEmail_Load	----End ---
2013-05-28 12:30:08.133 PM	FormAutoGetEmail_Load	----Start ---
2013-05-28 12:30:50.138 PM	FormAutoGetEmail_Load	----End ---
2013-05-28 12:33:33.274 PM	FormAutoGetEmail_Load	----Start ---
2013-05-28 12:34:27.800 PM	FormAutoGetEmail_Load	----End ---
2013-05-28 12:37:14.676 PM	FormAutoGetEmail_Load	----Start ---
2013-05-28 12:38:12.077 PM	FormAutoGetEmail_Load	----End ---
2013-05-28 12:39:59.162 PM	FormAutoGetEmail_Load	----Start ---
2013-05-28 12:42:54.562 PM	FormAutoGetEmail_Load	----End ---
2013-05-28 03:05:28.205 PM	FormAutoGetEmail_Load	----Start ---
2013-05-28 03:05:30.204 PM	Logg	Failed to establish a connection to 'localhost'.
2013-05-28 03:05:30.204 PM	FormAutoGetEmail_Load	----End ---
2013-05-28 03:05:56.821 PM	FormAutoGetEmail_Load	----Start ---
2013-05-28 03:05:58.289 PM	Logg	Failed to establish a connection to 'localhost'.
2013-05-28 03:05:58.289 PM	FormAutoGetEmail_Load	----End ---
2013-05-28 03:07:24.137 PM	FormAutoGetEmail_Load	----Start ---
2013-05-28 03:10:15.149 PM	FormAutoGetEmail_Load	----Start ---
2013-05-28 03:16:48.359 PM	FormAutoGetEmail_Load	----End ---
2013-05-30 02:53:57.711 PM	FormAutoGetEmail_Load	----Start ---
2013-05-30 02:55:24.137 PM	FormAutoGetEmail_Load	----Start ---
2013-05-30 02:57:08.073 PM	FormAutoGetEmail_Load	----End ---
2013-05-30 03:29:32.614 PM	FormAutoGetEmail_Load	----Start ---
2013-05-30 03:30:39.548 PM	FormAutoGetEmail_Load	----End ---
2013-07-22 12:35:00.776 PM	FormAutoGetEmail_Load	----Start ---
2013-07-22 12:35:05.871 PM	FormAutoGetEmail_Load	----End ---
2014-04-25 11:13:11.096 AM	FormAutoGetEmail_Load	----Start ---
2014-04-25 11:26:05.634 AM	FormAutoGetEmail_Load	----Start ---
2014-04-25 11:27:15.544 AM	FormAutoGetEmail_Load	----End ---
2014-04-25 11:28:02.935 AM	FormAutoGetEmail_Load	----Start ---
2014-04-25 11:28:37.094 AM	FormAutoGetEmail_Load	----End ---
2014-05-20 03:48:29.544 PM	FormAutoGetEmail_Load	----Start ---
2014-05-20 03:48:37.308 PM	FormAutoGetEmail_Load	----FinishedGood ---
2014-05-20 03:54:44.633 PM	FormAutoGetEmail_Load	----Component ---
2014-05-20 03:56:21.605 PM	FormAutoGetEmail_Load	----End ---
2014-05-20 03:57:13.892 PM	FormAutoGetEmail_Load	----Start ---
2014-05-20 03:57:13.921 PM	FormAutoGetEmail_Load	----FinishedGood ---
2014-05-20 03:58:54.409 PM	FormAutoGetEmail_Load	----Component ---
2014-05-20 03:59:54.253 PM	FormAutoGetEmail_Load	----End ---
2014-05-20 04:03:06.866 PM	FormAutoGetEmail_Load	----Start ---
2014-05-20 04:03:06.899 PM	FormAutoGetEmail_Load	----FinishedGood ---
2014-05-20 04:04:35.402 PM	FormAutoGetEmail_Load	----Component ---
2014-05-20 04:05:48.117 PM	FormAutoGetEmail_Load	----End ---
2014-05-20 04:06:03.467 PM	FormAutoGetEmail_Load	----Start ---
2014-05-20 04:06:03.482 PM	FormAutoGetEmail_Load	----FinishedGood ---
2014-05-20 04:06:03.482 PM	FormAutoGetEmail_Load	----Component ---
2014-05-20 04:08:27.774 PM	FormAutoGetEmail_Load	----End ---
2015-10-13 12:09:17.659 PM	FormAutoGetEmail_Load	----Start ---
2015-10-13 12:09:17.671 PM	FormAutoGetEmail_Load	----FinishedGood ---
2016-10-20 12:03:40.543 PM	FormAutoGetEmail_Load	----Start ---
2016-10-20 12:03:41.776 PM	FormAutoGetEmail_Load	----FinishedGood ---
2016-11-03 10:11:31.099 AM	FormAutoGetEmail_Load	----Start ---
2016-11-03 10:11:31.128 AM	FormAutoGetEmail_Load	----FinishedGood ---
2017-07-31 02:44:56.893 PM	FormAutoGetEmail_Load	----Start ---
2017-07-31 02:44:57.868 PM	FormAutoGetEmail_Load	----FinishedGood ---
2017-07-31 04:57:35.806 PM	FormAutoGetEmail_Load	----Component ---
2017-07-31 04:57:42.411 PM	FormAutoGetEmail_Load	----End ---
2017-07-31 05:03:21.121 PM	FormAutoGetEmail_Load	----Start ---
2017-07-31 05:03:21.166 PM	FormAutoGetEmail_Load	----FinishedGood ---
2017-07-31 05:06:16.081 PM	FormAutoGetEmail_Load	----Start ---
2017-07-31 05:06:16.133 PM	FormAutoGetEmail_Load	----FinishedGood ---
2019-01-03 02:22:50.658 PM	FormAutoGetEmail_Load	----Start ---
2019-01-03 02:22:50.958 PM	FormAutoGetEmail_Load	----FinishedGood ---
2019-01-30 02:29:37.040 PM	FormAutoGetEmail_Load	----Start ---
2019-01-30 02:29:37.051 PM	FormAutoGetEmail_Load	----FinishedGood ---
2019-01-30 02:31:29.287 PM	Logg	The specified object was not found in the store., The process failed to get the correct properties.  :: 
2019-01-30 02:39:50.130 PM	Logg	The specified object was not found in the store., The process failed to get the correct properties.  :: 
2019-01-30 02:39:56.271 PM	FormAutoGetEmail_Load	----Component ---
